

Version:	3.50
CmdLine:	C:\Users\hs475\OneDrive\Desktop\projects\CAMS_ANT\output\cams_client.exe --l4j-debug
JNI:		No
WOW64:		Yes
Working dir:	C:\Users\hs475\OneDrive\Desktop\projects\CAMS_ANT\output\.
Requires JDK:	No
Requires 64-Bit: No
Java min ver:	
Java max ver:	
Substitute:	JAVA_HOME = 
Substitute:	PATH = D:\Program Files (x86)\VMware\VMware Workstation\bin\;C:\Python310\Scripts\;C:\Python310\;C:\Program Files\Common Files\Oracle\Java\javapath;C:\WINDOWS\system32;C:\WINDOWS;C:\WINDOWS\System32\Wbem;C:\WINDOWS\System32\WindowsPowerShell\v1.0\;C:\WINDOWS\System32\OpenSSH\;C:\Program Files\NVIDIA Corporation\NVIDIA NvDLISR;D:\Program Files\Git\cmd;C:\Program Files (x86)\NVIDIA Corporation\PhysX\Common;C:\Program Files\Microsoft SQL Server\150\Tools\Binn\;C:\Program Files\Microsoft SQL Server\Client SDK\ODBC\170\Tools\Binn\;C:\Program Files\dotnet\;C:\Program Files\nodejs\;C:\ProgramData\chocolatey\bin;C:\Program Files (x86)\Microsoft SQL Server\150\DTS\Binn\;C:\Program Files\Azure Data Studio\bin;C:\Program Files (x86)\Microsoft SQL Server\150\Tools\Binn\;C:\Program Files\Microsoft SQL Server\150\DTS\Binn\;C:\Program Files\Microsoft SQL Server\130\Tools\Binn\;C:\Program Files\Java\jdk-18.0.2.1\bin;D:\Users\hs475\Anaconda3;D:\Users\hs475\Anaconda3\Library\mingw-w64\bin;D:\Users\hs475\Anaconda3\Library\usr\bin;D:\Users\hs475\Anaconda3\Library\bin;D:\Users\hs475\Anaconda3\Scripts;C:\Users\hs475\AppData\Local\Microsoft\WindowsApps;D:\Users\hs475\AppData\Local\Programs\Microsoft VS Code\bin;C:\Users\hs475\.dotnet\tools;C:\Users\hs475\AppData\Roaming\npm;C:\Program Files\Azure Data Studio\bin;C:\Program Files\Java\jdk-18.0.2.1\bin;;D:\Program Files\JetBrains\IntelliJ IDEA Community Edition 2022.2.4\bin;;C:\Program Files\Java\jdk-18.0.2.1\bin
JRE paths:	;D:\Program Files (x86)\VMware\VMware Workstation\bin\;C:\Python310\Scripts\;C:\Python310\;C:\Program Files\Common Files\Oracle\Java\javapath;C:\WINDOWS\system32;C:\WINDOWS;C:\WINDOWS\System32\Wbem;C:\WINDOWS\System32\WindowsPowerShell\v1.0\;C:\WINDOWS\System32\OpenSSH\;C:\Program Files\NVIDIA Corporation\NVIDIA NvDLISR;D:\Program Files\Git\cmd;C:\Program Files (x86)\NVIDIA Corporation\PhysX\Common;C:\Program Files\Microsoft SQL Server\150\Tools\Binn\;C:\Program Files\Microsoft SQL Server\Client SDK\ODBC\170\Tools\Binn\;C:\Program Files\dotnet\;C:\Program Files\nodejs\;C:\ProgramData\chocolatey\bin;C:\Program Files (x86)\Microsoft SQL Server\150\DTS\Binn\;C:\Program Files\Azure Data Studio\bin;C:\Program Files (x86)\Microsoft SQL Server\150\Tools\Binn\;C:\Program Files\Microsoft SQL Server\150\DTS\Binn\;C:\Program Files\Microsoft SQL Server\130\Tools\Binn\;C:\Program Files\Java\jdk-18.0.2.1\bin;D:\Users\hs475\Anaconda3;D:\Users\hs475\Anaconda3\Library\mingw-w64\bin;D:\Users\hs475\Anaconda3\Library\usr\bin;D:\Users\hs475\Anaconda3\Library\bin;D:\Users\hs475\Anaconda3\Scripts;C:\Users\hs475\AppData\Local\Microsoft\WindowsApps;D:\Users\hs475\AppData\Local\Programs\Microsoft VS Code\bin;C:\Users\hs475\.dotnet\tools;C:\Users\hs475\AppData\Roaming\npm;C:\Program Files\Azure Data Studio\bin;C:\Program Files\Java\jdk-18.0.2.1\bin;;D:\Program Files\JetBrains\IntelliJ IDEA Community Edition 2022.2.4\bin;;C:\Program Files\Java\jdk-18.0.2.1\bin
Check launcher:	D:\Program Files (x86)\VMware\VMware Workstation\bin\bin\javaw.exe (not found)
Check launcher:	C:\Python310\Scripts\bin\javaw.exe (not found)
Check launcher:	C:\Python310\bin\javaw.exe (not found)
Check launcher:	C:\Program Files\Common Files\Oracle\Java\javapath\bin\javaw.exe (not found)
Check launcher:	C:\WINDOWS\system32\bin\javaw.exe (not found)
Check launcher:	C:\WINDOWS\bin\javaw.exe (not found)
Check launcher:	C:\WINDOWS\System32\Wbem\bin\javaw.exe (not found)
Check launcher:	C:\WINDOWS\System32\WindowsPowerShell\v1.0\bin\javaw.exe (not found)
Check launcher:	C:\WINDOWS\System32\OpenSSH\bin\javaw.exe (not found)
Check launcher:	C:\Program Files\NVIDIA Corporation\NVIDIA NvDLISR\bin\javaw.exe (not found)
Check launcher:	D:\Program Files\Git\cmd\bin\javaw.exe (not found)
Check launcher:	C:\Program Files (x86)\NVIDIA Corporation\PhysX\Common\bin\javaw.exe (not found)
Check launcher:	C:\Program Files\Microsoft SQL Server\150\Tools\Binn\bin\javaw.exe (not found)
Check launcher:	C:\Program Files\Microsoft SQL Server\Client SDK\ODBC\170\Tools\Binn\bin\javaw.exe (not found)
Check launcher:	C:\Program Files\dotnet\bin\javaw.exe (not found)
Check launcher:	C:\Program Files\nodejs\bin\javaw.exe (not found)
Check launcher:	C:\ProgramData\chocolatey\bin\javaw.exe (not found)
Check launcher:	C:\Program Files (x86)\Microsoft SQL Server\150\DTS\Binn\bin\javaw.exe (not found)
Check launcher:	C:\Program Files\Azure Data Studio\bin\javaw.exe (not found)
Check launcher:	C:\Program Files (x86)\Microsoft SQL Server\150\Tools\Binn\bin\javaw.exe (not found)
Check launcher:	C:\Program Files\Microsoft SQL Server\150\DTS\Binn\bin\javaw.exe (not found)
Check launcher:	C:\Program Files\Microsoft SQL Server\130\Tools\Binn\bin\javaw.exe (not found)
Check launcher:	C:\Program Files\Java\jdk-18.0.2.1\bin\javaw.exe (OK)
Warning:	formatJavaVersion() too many parts added.
Version string: 1.018.000_002 / 64-Bit (OK)
Main class:	com.cams.cams.CAMS_start_page_client
Add classpath:	lib\mysql-connector-java.jar
Add classpath:	lib\flatlaf-2.6.jar
Add classpath:	lib\poi-5.2.3.jar
Add classpath:	lib\poi-examples-5.2.3.jar
Add classpath:	lib\poi-excelant-5.2.3.jar
Add classpath:	lib\poi-javadoc-5.2.3.jar
Add classpath:	lib\poi-ooxml-5.2.3.jar
Add classpath:	lib\poi-ooxml-full-5.2.3.jar
Add classpath:	lib\poi-ooxml-lite-5.2.3.jar
Add classpath:	lib\poi-scratchpad-5.2.3.jar
Add classpath:	lib\SparseBitSet-1.2.jar
Add classpath:	lib\commons-codec-1.15.jar
Add classpath:	lib\commons-collections4-4.4.jar
Add classpath:	lib\commons-io-2.11.0.jar
Add classpath:	lib\commons-math3-3.6.1.jar
Add classpath:	lib\log4j-api-2.18.0.jar
Add classpath:	lib\commons-compress-1.21.jar
Add classpath:	lib\commons-logging-1.2.jar
Add classpath:	lib\curvesapi-1.07.jar
Add classpath:	lib\jakarta.activation-2.0.1.jar
Add classpath:	lib\jakarta.xml.bind-api-3.0.1.jar
Add classpath:	lib\slf4j-api-1.7.36.jar
Add classpath:	lib\xmlbeans-5.1.1.jar
Launcher:	C:\Program Files\Java\jdk-18.0.2.1\bin\javaw.exe
Launcher args:	-classpath "C:\Users\hs475\OneDrive\Desktop\projects\CAMS_ANT\output\cams_client.exe;lib\mysql-connector-java.jar;lib\flatlaf-2.6.jar;lib\poi-5.2.3.jar;lib\poi-examples-5.2.3.jar;lib\poi-excelant-5.2.3.jar;lib\poi-javadoc-5.2.3.jar;lib\poi-ooxml-5.2.3.jar;lib\poi-ooxml-full-5.2.3.jar;lib\poi-ooxml-lite-5.2.3.jar;lib\poi-scratchpad-5.2.3.jar;lib\SparseBitSet-1.2.jar;lib\commons-codec-1.15.jar;lib\commons-collections4-4.4.jar;lib\commons-io-2.11.0.jar;lib\commons-math3-3.6.1.jar;lib\log4j-api-2.18.0.jar;lib\commons-compress-1.21.jar;lib\commons-logging-1.2.jar;lib\curvesapi-1.07.jar;lib\jakarta.activation-2.0.1.jar;lib\jakarta.xml.bind-api-3.0.1.jar;lib\slf4j-api-1.7.36.jar;lib\xmlbeans-5.1.1.jar" com.cams.cams.CAMS_start_page_client
Args length:	741/32768 chars
Exit code:	0


Version:	3.50
CmdLine:	C:\Users\hs475\OneDrive\Desktop\projects\CAMS_ANT\output\cams_client.exe --l4j-debug
JNI:		No
WOW64:		Yes
Working dir:	C:\Users\hs475\OneDrive\Desktop\projects\CAMS_ANT\output\.
Requires JDK:	No
Requires 64-Bit: No
Java min ver:	
Java max ver:	
Substitute:	JAVA_HOME = 
Substitute:	PATH = D:\Program Files (x86)\VMware\VMware Workstation\bin\;C:\Python310\Scripts\;C:\Python310\;C:\Program Files\Common Files\Oracle\Java\javapath;C:\WINDOWS\system32;C:\WINDOWS;C:\WINDOWS\System32\Wbem;C:\WINDOWS\System32\WindowsPowerShell\v1.0\;C:\WINDOWS\System32\OpenSSH\;C:\Program Files\NVIDIA Corporation\NVIDIA NvDLISR;D:\Program Files\Git\cmd;C:\Program Files (x86)\NVIDIA Corporation\PhysX\Common;C:\Program Files\Microsoft SQL Server\150\Tools\Binn\;C:\Program Files\Microsoft SQL Server\Client SDK\ODBC\170\Tools\Binn\;C:\Program Files\dotnet\;C:\Program Files\nodejs\;C:\ProgramData\chocolatey\bin;C:\Program Files (x86)\Microsoft SQL Server\150\DTS\Binn\;C:\Program Files\Azure Data Studio\bin;C:\Program Files (x86)\Microsoft SQL Server\150\Tools\Binn\;C:\Program Files\Microsoft SQL Server\150\DTS\Binn\;C:\Program Files\Microsoft SQL Server\130\Tools\Binn\;C:\Program Files\Java\jdk-18.0.2.1\bin;D:\Users\hs475\Anaconda3;D:\Users\hs475\Anaconda3\Library\mingw-w64\bin;D:\Users\hs475\Anaconda3\Library\usr\bin;D:\Users\hs475\Anaconda3\Library\bin;D:\Users\hs475\Anaconda3\Scripts;C:\Users\hs475\AppData\Local\Microsoft\WindowsApps;D:\Users\hs475\AppData\Local\Programs\Microsoft VS Code\bin;C:\Users\hs475\.dotnet\tools;C:\Users\hs475\AppData\Roaming\npm;C:\Program Files\Azure Data Studio\bin;C:\Program Files\Java\jdk-18.0.2.1\bin;;D:\Program Files\JetBrains\IntelliJ IDEA Community Edition 2022.2.4\bin;;C:\Program Files\Java\jdk-18.0.2.1\bin
JRE paths:	;D:\Program Files (x86)\VMware\VMware Workstation\bin\;C:\Python310\Scripts\;C:\Python310\;C:\Program Files\Common Files\Oracle\Java\javapath;C:\WINDOWS\system32;C:\WINDOWS;C:\WINDOWS\System32\Wbem;C:\WINDOWS\System32\WindowsPowerShell\v1.0\;C:\WINDOWS\System32\OpenSSH\;C:\Program Files\NVIDIA Corporation\NVIDIA NvDLISR;D:\Program Files\Git\cmd;C:\Program Files (x86)\NVIDIA Corporation\PhysX\Common;C:\Program Files\Microsoft SQL Server\150\Tools\Binn\;C:\Program Files\Microsoft SQL Server\Client SDK\ODBC\170\Tools\Binn\;C:\Program Files\dotnet\;C:\Program Files\nodejs\;C:\ProgramData\chocolatey\bin;C:\Program Files (x86)\Microsoft SQL Server\150\DTS\Binn\;C:\Program Files\Azure Data Studio\bin;C:\Program Files (x86)\Microsoft SQL Server\150\Tools\Binn\;C:\Program Files\Microsoft SQL Server\150\DTS\Binn\;C:\Program Files\Microsoft SQL Server\130\Tools\Binn\;C:\Program Files\Java\jdk-18.0.2.1\bin;D:\Users\hs475\Anaconda3;D:\Users\hs475\Anaconda3\Library\mingw-w64\bin;D:\Users\hs475\Anaconda3\Library\usr\bin;D:\Users\hs475\Anaconda3\Library\bin;D:\Users\hs475\Anaconda3\Scripts;C:\Users\hs475\AppData\Local\Microsoft\WindowsApps;D:\Users\hs475\AppData\Local\Programs\Microsoft VS Code\bin;C:\Users\hs475\.dotnet\tools;C:\Users\hs475\AppData\Roaming\npm;C:\Program Files\Azure Data Studio\bin;C:\Program Files\Java\jdk-18.0.2.1\bin;;D:\Program Files\JetBrains\IntelliJ IDEA Community Edition 2022.2.4\bin;;C:\Program Files\Java\jdk-18.0.2.1\bin
Check launcher:	D:\Program Files (x86)\VMware\VMware Workstation\bin\bin\javaw.exe (not found)
Check launcher:	C:\Python310\Scripts\bin\javaw.exe (not found)
Check launcher:	C:\Python310\bin\javaw.exe (not found)
Check launcher:	C:\Program Files\Common Files\Oracle\Java\javapath\bin\javaw.exe (not found)
Check launcher:	C:\WINDOWS\system32\bin\javaw.exe (not found)
Check launcher:	C:\WINDOWS\bin\javaw.exe (not found)
Check launcher:	C:\WINDOWS\System32\Wbem\bin\javaw.exe (not found)
Check launcher:	C:\WINDOWS\System32\WindowsPowerShell\v1.0\bin\javaw.exe (not found)
Check launcher:	C:\WINDOWS\System32\OpenSSH\bin\javaw.exe (not found)
Check launcher:	C:\Program Files\NVIDIA Corporation\NVIDIA NvDLISR\bin\javaw.exe (not found)
Check launcher:	D:\Program Files\Git\cmd\bin\javaw.exe (not found)
Check launcher:	C:\Program Files (x86)\NVIDIA Corporation\PhysX\Common\bin\javaw.exe (not found)
Check launcher:	C:\Program Files\Microsoft SQL Server\150\Tools\Binn\bin\javaw.exe (not found)
Check launcher:	C:\Program Files\Microsoft SQL Server\Client SDK\ODBC\170\Tools\Binn\bin\javaw.exe (not found)
Check launcher:	C:\Program Files\dotnet\bin\javaw.exe (not found)
Check launcher:	C:\Program Files\nodejs\bin\javaw.exe (not found)
Check launcher:	C:\ProgramData\chocolatey\bin\javaw.exe (not found)
Check launcher:	C:\Program Files (x86)\Microsoft SQL Server\150\DTS\Binn\bin\javaw.exe (not found)
Check launcher:	C:\Program Files\Azure Data Studio\bin\javaw.exe (not found)
Check launcher:	C:\Program Files (x86)\Microsoft SQL Server\150\Tools\Binn\bin\javaw.exe (not found)
Check launcher:	C:\Program Files\Microsoft SQL Server\150\DTS\Binn\bin\javaw.exe (not found)
Check launcher:	C:\Program Files\Microsoft SQL Server\130\Tools\Binn\bin\javaw.exe (not found)
Check launcher:	C:\Program Files\Java\jdk-18.0.2.1\bin\javaw.exe (OK)
Warning:	formatJavaVersion() too many parts added.
Version string: 1.018.000_002 / 64-Bit (OK)
Main class:	com.cams.cams.CAMS_start_page_client
Add classpath:	lib\mysql-connector-java.jar
Add classpath:	lib\flatlaf-2.6.jar
Add classpath:	lib\poi-5.2.3.jar
Add classpath:	lib\poi-examples-5.2.3.jar
Add classpath:	lib\poi-excelant-5.2.3.jar
Add classpath:	lib\poi-javadoc-5.2.3.jar
Add classpath:	lib\poi-ooxml-5.2.3.jar
Add classpath:	lib\poi-ooxml-full-5.2.3.jar
Add classpath:	lib\poi-ooxml-lite-5.2.3.jar
Add classpath:	lib\poi-scratchpad-5.2.3.jar
Add classpath:	lib\SparseBitSet-1.2.jar
Add classpath:	lib\commons-codec-1.15.jar
Add classpath:	lib\commons-collections4-4.4.jar
Add classpath:	lib\commons-io-2.11.0.jar
Add classpath:	lib\commons-math3-3.6.1.jar
Add classpath:	lib\log4j-api-2.18.0.jar
Add classpath:	lib\commons-compress-1.21.jar
Add classpath:	lib\commons-logging-1.2.jar
Add classpath:	lib\curvesapi-1.07.jar
Add classpath:	lib\jakarta.activation-2.0.1.jar
Add classpath:	lib\jakarta.xml.bind-api-3.0.1.jar
Add classpath:	lib\slf4j-api-1.7.36.jar
Add classpath:	lib\xmlbeans-5.1.1.jar
Add classpath:	lib\test.jar
Launcher:	C:\Program Files\Java\jdk-18.0.2.1\bin\javaw.exe
Launcher args:	-classpath "C:\Users\hs475\OneDrive\Desktop\projects\CAMS_ANT\output\cams_client.exe;lib\mysql-connector-java.jar;lib\flatlaf-2.6.jar;lib\poi-5.2.3.jar;lib\poi-examples-5.2.3.jar;lib\poi-excelant-5.2.3.jar;lib\poi-javadoc-5.2.3.jar;lib\poi-ooxml-5.2.3.jar;lib\poi-ooxml-full-5.2.3.jar;lib\poi-ooxml-lite-5.2.3.jar;lib\poi-scratchpad-5.2.3.jar;lib\SparseBitSet-1.2.jar;lib\commons-codec-1.15.jar;lib\commons-collections4-4.4.jar;lib\commons-io-2.11.0.jar;lib\commons-math3-3.6.1.jar;lib\log4j-api-2.18.0.jar;lib\commons-compress-1.21.jar;lib\commons-logging-1.2.jar;lib\curvesapi-1.07.jar;lib\jakarta.activation-2.0.1.jar;lib\jakarta.xml.bind-api-3.0.1.jar;lib\slf4j-api-1.7.36.jar;lib\xmlbeans-5.1.1.jar;lib\test.jar" com.cams.cams.CAMS_start_page_client
Args length:	754/32768 chars
Exit code:	0


Version:	3.50
CmdLine:	C:\Users\hs475\OneDrive\Desktop\projects\CAMS_ANT\output\cams_client.exe --l4j-debug
JNI:		No
WOW64:		Yes
Working dir:	C:\Users\hs475\OneDrive\Desktop\projects\CAMS_ANT\output\.
Requires JDK:	No
Requires 64-Bit: No
Java min ver:	
Java max ver:	
Substitute:	JAVA_HOME = 
Substitute:	PATH = D:\Program Files (x86)\VMware\VMware Workstation\bin\;C:\Python310\Scripts\;C:\Python310\;C:\Program Files\Common Files\Oracle\Java\javapath;C:\WINDOWS\system32;C:\WINDOWS;C:\WINDOWS\System32\Wbem;C:\WINDOWS\System32\WindowsPowerShell\v1.0\;C:\WINDOWS\System32\OpenSSH\;C:\Program Files\NVIDIA Corporation\NVIDIA NvDLISR;D:\Program Files\Git\cmd;C:\Program Files (x86)\NVIDIA Corporation\PhysX\Common;C:\Program Files\Microsoft SQL Server\150\Tools\Binn\;C:\Program Files\Microsoft SQL Server\Client SDK\ODBC\170\Tools\Binn\;C:\Program Files\dotnet\;C:\Program Files\nodejs\;C:\ProgramData\chocolatey\bin;C:\Program Files (x86)\Microsoft SQL Server\150\DTS\Binn\;C:\Program Files\Azure Data Studio\bin;C:\Program Files (x86)\Microsoft SQL Server\150\Tools\Binn\;C:\Program Files\Microsoft SQL Server\150\DTS\Binn\;C:\Program Files\Microsoft SQL Server\130\Tools\Binn\;C:\Program Files\Java\jdk-18.0.2.1\bin;D:\Users\hs475\Anaconda3;D:\Users\hs475\Anaconda3\Library\mingw-w64\bin;D:\Users\hs475\Anaconda3\Library\usr\bin;D:\Users\hs475\Anaconda3\Library\bin;D:\Users\hs475\Anaconda3\Scripts;C:\Users\hs475\AppData\Local\Microsoft\WindowsApps;D:\Users\hs475\AppData\Local\Programs\Microsoft VS Code\bin;C:\Users\hs475\.dotnet\tools;C:\Users\hs475\AppData\Roaming\npm;C:\Program Files\Azure Data Studio\bin;C:\Program Files\Java\jdk-18.0.2.1\bin;;D:\Program Files\JetBrains\IntelliJ IDEA Community Edition 2022.2.4\bin;;C:\Program Files\Java\jdk-18.0.2.1\bin
JRE paths:	;D:\Program Files (x86)\VMware\VMware Workstation\bin\;C:\Python310\Scripts\;C:\Python310\;C:\Program Files\Common Files\Oracle\Java\javapath;C:\WINDOWS\system32;C:\WINDOWS;C:\WINDOWS\System32\Wbem;C:\WINDOWS\System32\WindowsPowerShell\v1.0\;C:\WINDOWS\System32\OpenSSH\;C:\Program Files\NVIDIA Corporation\NVIDIA NvDLISR;D:\Program Files\Git\cmd;C:\Program Files (x86)\NVIDIA Corporation\PhysX\Common;C:\Program Files\Microsoft SQL Server\150\Tools\Binn\;C:\Program Files\Microsoft SQL Server\Client SDK\ODBC\170\Tools\Binn\;C:\Program Files\dotnet\;C:\Program Files\nodejs\;C:\ProgramData\chocolatey\bin;C:\Program Files (x86)\Microsoft SQL Server\150\DTS\Binn\;C:\Program Files\Azure Data Studio\bin;C:\Program Files (x86)\Microsoft SQL Server\150\Tools\Binn\;C:\Program Files\Microsoft SQL Server\150\DTS\Binn\;C:\Program Files\Microsoft SQL Server\130\Tools\Binn\;C:\Program Files\Java\jdk-18.0.2.1\bin;D:\Users\hs475\Anaconda3;D:\Users\hs475\Anaconda3\Library\mingw-w64\bin;D:\Users\hs475\Anaconda3\Library\usr\bin;D:\Users\hs475\Anaconda3\Library\bin;D:\Users\hs475\Anaconda3\Scripts;C:\Users\hs475\AppData\Local\Microsoft\WindowsApps;D:\Users\hs475\AppData\Local\Programs\Microsoft VS Code\bin;C:\Users\hs475\.dotnet\tools;C:\Users\hs475\AppData\Roaming\npm;C:\Program Files\Azure Data Studio\bin;C:\Program Files\Java\jdk-18.0.2.1\bin;;D:\Program Files\JetBrains\IntelliJ IDEA Community Edition 2022.2.4\bin;;C:\Program Files\Java\jdk-18.0.2.1\bin
Check launcher:	D:\Program Files (x86)\VMware\VMware Workstation\bin\bin\javaw.exe (not found)
Check launcher:	C:\Python310\Scripts\bin\javaw.exe (not found)
Check launcher:	C:\Python310\bin\javaw.exe (not found)
Check launcher:	C:\Program Files\Common Files\Oracle\Java\javapath\bin\javaw.exe (not found)
Check launcher:	C:\WINDOWS\system32\bin\javaw.exe (not found)
Check launcher:	C:\WINDOWS\bin\javaw.exe (not found)
Check launcher:	C:\WINDOWS\System32\Wbem\bin\javaw.exe (not found)
Check launcher:	C:\WINDOWS\System32\WindowsPowerShell\v1.0\bin\javaw.exe (not found)
Check launcher:	C:\WINDOWS\System32\OpenSSH\bin\javaw.exe (not found)
Check launcher:	C:\Program Files\NVIDIA Corporation\NVIDIA NvDLISR\bin\javaw.exe (not found)
Check launcher:	D:\Program Files\Git\cmd\bin\javaw.exe (not found)
Check launcher:	C:\Program Files (x86)\NVIDIA Corporation\PhysX\Common\bin\javaw.exe (not found)
Check launcher:	C:\Program Files\Microsoft SQL Server\150\Tools\Binn\bin\javaw.exe (not found)
Check launcher:	C:\Program Files\Microsoft SQL Server\Client SDK\ODBC\170\Tools\Binn\bin\javaw.exe (not found)
Check launcher:	C:\Program Files\dotnet\bin\javaw.exe (not found)
Check launcher:	C:\Program Files\nodejs\bin\javaw.exe (not found)
Check launcher:	C:\ProgramData\chocolatey\bin\javaw.exe (not found)
Check launcher:	C:\Program Files (x86)\Microsoft SQL Server\150\DTS\Binn\bin\javaw.exe (not found)
Check launcher:	C:\Program Files\Azure Data Studio\bin\javaw.exe (not found)
Check launcher:	C:\Program Files (x86)\Microsoft SQL Server\150\Tools\Binn\bin\javaw.exe (not found)
Check launcher:	C:\Program Files\Microsoft SQL Server\150\DTS\Binn\bin\javaw.exe (not found)
Check launcher:	C:\Program Files\Microsoft SQL Server\130\Tools\Binn\bin\javaw.exe (not found)
Check launcher:	C:\Program Files\Java\jdk-18.0.2.1\bin\javaw.exe (OK)
Warning:	formatJavaVersion() too many parts added.
Version string: 1.018.000_002 / 64-Bit (OK)
Main class:	com.cams.cams.CAMS_start_page_client
Add classpath:	lib\mysql-connector-java.jar
Add classpath:	lib\flatlaf-2.6.jar
Add classpath:	lib\poi-5.2.3.jar
Add classpath:	lib\poi-examples-5.2.3.jar
Add classpath:	lib\poi-excelant-5.2.3.jar
Add classpath:	lib\poi-javadoc-5.2.3.jar
Add classpath:	lib\poi-ooxml-5.2.3.jar
Add classpath:	lib\poi-ooxml-full-5.2.3.jar
Add classpath:	lib\poi-ooxml-lite-5.2.3.jar
Add classpath:	lib\poi-scratchpad-5.2.3.jar
Add classpath:	lib\SparseBitSet-1.2.jar
Add classpath:	lib\commons-codec-1.15.jar
Add classpath:	lib\commons-collections4-4.4.jar
Add classpath:	lib\commons-io-2.11.0.jar
Add classpath:	lib\commons-math3-3.6.1.jar
Add classpath:	lib\log4j-api-2.18.0.jar
Add classpath:	lib\commons-compress-1.21.jar
Add classpath:	lib\commons-logging-1.2.jar
Add classpath:	lib\curvesapi-1.07.jar
Add classpath:	lib\jakarta.activation-2.0.1.jar
Add classpath:	lib\jakarta.xml.bind-api-3.0.1.jar
Add classpath:	lib\slf4j-api-1.7.36.jar
Add classpath:	lib\xmlbeans-5.1.1.jar
Add classpath:	lib\test.jar
Launcher:	C:\Program Files\Java\jdk-18.0.2.1\bin\javaw.exe
Launcher args:	-classpath "C:\Users\hs475\OneDrive\Desktop\projects\CAMS_ANT\output\cams_client.exe;lib\mysql-connector-java.jar;lib\flatlaf-2.6.jar;lib\poi-5.2.3.jar;lib\poi-examples-5.2.3.jar;lib\poi-excelant-5.2.3.jar;lib\poi-javadoc-5.2.3.jar;lib\poi-ooxml-5.2.3.jar;lib\poi-ooxml-full-5.2.3.jar;lib\poi-ooxml-lite-5.2.3.jar;lib\poi-scratchpad-5.2.3.jar;lib\SparseBitSet-1.2.jar;lib\commons-codec-1.15.jar;lib\commons-collections4-4.4.jar;lib\commons-io-2.11.0.jar;lib\commons-math3-3.6.1.jar;lib\log4j-api-2.18.0.jar;lib\commons-compress-1.21.jar;lib\commons-logging-1.2.jar;lib\curvesapi-1.07.jar;lib\jakarta.activation-2.0.1.jar;lib\jakarta.xml.bind-api-3.0.1.jar;lib\slf4j-api-1.7.36.jar;lib\xmlbeans-5.1.1.jar;lib\test.jar" com.cams.cams.CAMS_start_page_client
Args length:	754/32768 chars
Exit code:	0


Version:	3.50
CmdLine:	C:\Users\hs475\OneDrive\Desktop\projects\CAMS_ANT\output\cams_client.exe --l4j-debug
JNI:		No
WOW64:		Yes
Working dir:	C:\Users\hs475\OneDrive\Desktop\projects\CAMS_ANT\output\.
Requires JDK:	No
Requires 64-Bit: No
Java min ver:	
Java max ver:	
Substitute:	JAVA_HOME = 
Substitute:	PATH = D:\Program Files (x86)\VMware\VMware Workstation\bin\;C:\Python310\Scripts\;C:\Python310\;C:\Program Files\Common Files\Oracle\Java\javapath;C:\WINDOWS\system32;C:\WINDOWS;C:\WINDOWS\System32\Wbem;C:\WINDOWS\System32\WindowsPowerShell\v1.0\;C:\WINDOWS\System32\OpenSSH\;C:\Program Files\NVIDIA Corporation\NVIDIA NvDLISR;D:\Program Files\Git\cmd;C:\Program Files (x86)\NVIDIA Corporation\PhysX\Common;C:\Program Files\Microsoft SQL Server\150\Tools\Binn\;C:\Program Files\Microsoft SQL Server\Client SDK\ODBC\170\Tools\Binn\;C:\Program Files\dotnet\;C:\Program Files\nodejs\;C:\ProgramData\chocolatey\bin;C:\Program Files (x86)\Microsoft SQL Server\150\DTS\Binn\;C:\Program Files\Azure Data Studio\bin;C:\Program Files (x86)\Microsoft SQL Server\150\Tools\Binn\;C:\Program Files\Microsoft SQL Server\150\DTS\Binn\;C:\Program Files\Microsoft SQL Server\130\Tools\Binn\;C:\Program Files\Java\jdk-18.0.2.1\bin;D:\Users\hs475\Anaconda3;D:\Users\hs475\Anaconda3\Library\mingw-w64\bin;D:\Users\hs475\Anaconda3\Library\usr\bin;D:\Users\hs475\Anaconda3\Library\bin;D:\Users\hs475\Anaconda3\Scripts;C:\Users\hs475\AppData\Local\Microsoft\WindowsApps;D:\Users\hs475\AppData\Local\Programs\Microsoft VS Code\bin;C:\Users\hs475\.dotnet\tools;C:\Users\hs475\AppData\Roaming\npm;C:\Program Files\Azure Data Studio\bin;C:\Program Files\Java\jdk-18.0.2.1\bin;;D:\Program Files\JetBrains\IntelliJ IDEA Community Edition 2022.2.4\bin;;C:\Program Files\Java\jdk-18.0.2.1\bin
JRE paths:	;D:\Program Files (x86)\VMware\VMware Workstation\bin\;C:\Python310\Scripts\;C:\Python310\;C:\Program Files\Common Files\Oracle\Java\javapath;C:\WINDOWS\system32;C:\WINDOWS;C:\WINDOWS\System32\Wbem;C:\WINDOWS\System32\WindowsPowerShell\v1.0\;C:\WINDOWS\System32\OpenSSH\;C:\Program Files\NVIDIA Corporation\NVIDIA NvDLISR;D:\Program Files\Git\cmd;C:\Program Files (x86)\NVIDIA Corporation\PhysX\Common;C:\Program Files\Microsoft SQL Server\150\Tools\Binn\;C:\Program Files\Microsoft SQL Server\Client SDK\ODBC\170\Tools\Binn\;C:\Program Files\dotnet\;C:\Program Files\nodejs\;C:\ProgramData\chocolatey\bin;C:\Program Files (x86)\Microsoft SQL Server\150\DTS\Binn\;C:\Program Files\Azure Data Studio\bin;C:\Program Files (x86)\Microsoft SQL Server\150\Tools\Binn\;C:\Program Files\Microsoft SQL Server\150\DTS\Binn\;C:\Program Files\Microsoft SQL Server\130\Tools\Binn\;C:\Program Files\Java\jdk-18.0.2.1\bin;D:\Users\hs475\Anaconda3;D:\Users\hs475\Anaconda3\Library\mingw-w64\bin;D:\Users\hs475\Anaconda3\Library\usr\bin;D:\Users\hs475\Anaconda3\Library\bin;D:\Users\hs475\Anaconda3\Scripts;C:\Users\hs475\AppData\Local\Microsoft\WindowsApps;D:\Users\hs475\AppData\Local\Programs\Microsoft VS Code\bin;C:\Users\hs475\.dotnet\tools;C:\Users\hs475\AppData\Roaming\npm;C:\Program Files\Azure Data Studio\bin;C:\Program Files\Java\jdk-18.0.2.1\bin;;D:\Program Files\JetBrains\IntelliJ IDEA Community Edition 2022.2.4\bin;;C:\Program Files\Java\jdk-18.0.2.1\bin
Check launcher:	D:\Program Files (x86)\VMware\VMware Workstation\bin\bin\javaw.exe (not found)
Check launcher:	C:\Python310\Scripts\bin\javaw.exe (not found)
Check launcher:	C:\Python310\bin\javaw.exe (not found)
Check launcher:	C:\Program Files\Common Files\Oracle\Java\javapath\bin\javaw.exe (not found)
Check launcher:	C:\WINDOWS\system32\bin\javaw.exe (not found)
Check launcher:	C:\WINDOWS\bin\javaw.exe (not found)
Check launcher:	C:\WINDOWS\System32\Wbem\bin\javaw.exe (not found)
Check launcher:	C:\WINDOWS\System32\WindowsPowerShell\v1.0\bin\javaw.exe (not found)
Check launcher:	C:\WINDOWS\System32\OpenSSH\bin\javaw.exe (not found)
Check launcher:	C:\Program Files\NVIDIA Corporation\NVIDIA NvDLISR\bin\javaw.exe (not found)
Check launcher:	D:\Program Files\Git\cmd\bin\javaw.exe (not found)
Check launcher:	C:\Program Files (x86)\NVIDIA Corporation\PhysX\Common\bin\javaw.exe (not found)
Check launcher:	C:\Program Files\Microsoft SQL Server\150\Tools\Binn\bin\javaw.exe (not found)
Check launcher:	C:\Program Files\Microsoft SQL Server\Client SDK\ODBC\170\Tools\Binn\bin\javaw.exe (not found)
Check launcher:	C:\Program Files\dotnet\bin\javaw.exe (not found)
Check launcher:	C:\Program Files\nodejs\bin\javaw.exe (not found)
Check launcher:	C:\ProgramData\chocolatey\bin\javaw.exe (not found)
Check launcher:	C:\Program Files (x86)\Microsoft SQL Server\150\DTS\Binn\bin\javaw.exe (not found)
Check launcher:	C:\Program Files\Azure Data Studio\bin\javaw.exe (not found)
Check launcher:	C:\Program Files (x86)\Microsoft SQL Server\150\Tools\Binn\bin\javaw.exe (not found)
Check launcher:	C:\Program Files\Microsoft SQL Server\150\DTS\Binn\bin\javaw.exe (not found)
Check launcher:	C:\Program Files\Microsoft SQL Server\130\Tools\Binn\bin\javaw.exe (not found)
Check launcher:	C:\Program Files\Java\jdk-18.0.2.1\bin\javaw.exe (OK)
Warning:	formatJavaVersion() too many parts added.
Version string: 1.018.000_002 / 64-Bit (OK)
Main class:	com.cams.cams.CAMS_start_page_client
Add classpath:	lib\mysql-connector-java.jar
Add classpath:	lib\flatlaf-2.6.jar
Add classpath:	lib\poi-5.2.3.jar
Add classpath:	lib\poi-examples-5.2.3.jar
Add classpath:	lib\poi-excelant-5.2.3.jar
Add classpath:	lib\poi-javadoc-5.2.3.jar
Add classpath:	lib\poi-ooxml-5.2.3.jar
Add classpath:	lib\poi-ooxml-full-5.2.3.jar
Add classpath:	lib\poi-ooxml-lite-5.2.3.jar
Add classpath:	lib\poi-scratchpad-5.2.3.jar
Add classpath:	lib\SparseBitSet-1.2.jar
Add classpath:	lib\commons-codec-1.15.jar
Add classpath:	lib\commons-collections4-4.4.jar
Add classpath:	lib\commons-io-2.11.0.jar
Add classpath:	lib\commons-math3-3.6.1.jar
Add classpath:	lib\log4j-api-2.18.0.jar
Add classpath:	lib\commons-compress-1.21.jar
Add classpath:	lib\commons-logging-1.2.jar
Add classpath:	lib\curvesapi-1.07.jar
Add classpath:	lib\jakarta.activation-2.0.1.jar
Add classpath:	lib\jakarta.xml.bind-api-3.0.1.jar
Add classpath:	lib\slf4j-api-1.7.36.jar
Add classpath:	lib\xmlbeans-5.1.1.jar
Add classpath:	lib\test.jar
Launcher:	C:\Program Files\Java\jdk-18.0.2.1\bin\javaw.exe
Launcher args:	-classpath "C:\Users\hs475\OneDrive\Desktop\projects\CAMS_ANT\output\cams_client.exe;lib\mysql-connector-java.jar;lib\flatlaf-2.6.jar;lib\poi-5.2.3.jar;lib\poi-examples-5.2.3.jar;lib\poi-excelant-5.2.3.jar;lib\poi-javadoc-5.2.3.jar;lib\poi-ooxml-5.2.3.jar;lib\poi-ooxml-full-5.2.3.jar;lib\poi-ooxml-lite-5.2.3.jar;lib\poi-scratchpad-5.2.3.jar;lib\SparseBitSet-1.2.jar;lib\commons-codec-1.15.jar;lib\commons-collections4-4.4.jar;lib\commons-io-2.11.0.jar;lib\commons-math3-3.6.1.jar;lib\log4j-api-2.18.0.jar;lib\commons-compress-1.21.jar;lib\commons-logging-1.2.jar;lib\curvesapi-1.07.jar;lib\jakarta.activation-2.0.1.jar;lib\jakarta.xml.bind-api-3.0.1.jar;lib\slf4j-api-1.7.36.jar;lib\xmlbeans-5.1.1.jar;lib\test.jar" com.cams.cams.CAMS_start_page_client
Args length:	754/32768 chars
Exit code:	0


Version:	3.50
CmdLine:	C:\Users\hs475\OneDrive\Desktop\projects\CAMS_ANT\output\cams_client.exe --l4j-debug
JNI:		No
WOW64:		Yes
Working dir:	C:\Users\hs475\OneDrive\Desktop\projects\CAMS_ANT\output\.
Requires JDK:	No
Requires 64-Bit: No
Java min ver:	
Java max ver:	
Substitute:	JAVA_HOME = 
Substitute:	PATH = D:\Program Files (x86)\VMware\VMware Workstation\bin\;C:\Python310\Scripts\;C:\Python310\;C:\Program Files\Common Files\Oracle\Java\javapath;C:\WINDOWS\system32;C:\WINDOWS;C:\WINDOWS\System32\Wbem;C:\WINDOWS\System32\WindowsPowerShell\v1.0\;C:\WINDOWS\System32\OpenSSH\;C:\Program Files\NVIDIA Corporation\NVIDIA NvDLISR;D:\Program Files\Git\cmd;C:\Program Files (x86)\NVIDIA Corporation\PhysX\Common;C:\Program Files\Microsoft SQL Server\150\Tools\Binn\;C:\Program Files\Microsoft SQL Server\Client SDK\ODBC\170\Tools\Binn\;C:\Program Files\dotnet\;C:\Program Files\nodejs\;C:\ProgramData\chocolatey\bin;C:\Program Files (x86)\Microsoft SQL Server\150\DTS\Binn\;C:\Program Files\Azure Data Studio\bin;C:\Program Files (x86)\Microsoft SQL Server\150\Tools\Binn\;C:\Program Files\Microsoft SQL Server\150\DTS\Binn\;C:\Program Files\Microsoft SQL Server\130\Tools\Binn\;C:\Program Files\Java\jdk-18.0.2.1\bin;D:\Users\hs475\Anaconda3;D:\Users\hs475\Anaconda3\Library\mingw-w64\bin;D:\Users\hs475\Anaconda3\Library\usr\bin;D:\Users\hs475\Anaconda3\Library\bin;D:\Users\hs475\Anaconda3\Scripts;C:\Users\hs475\AppData\Local\Microsoft\WindowsApps;D:\Users\hs475\AppData\Local\Programs\Microsoft VS Code\bin;C:\Users\hs475\.dotnet\tools;C:\Users\hs475\AppData\Roaming\npm;C:\Program Files\Azure Data Studio\bin;C:\Program Files\Java\jdk-18.0.2.1\bin;;D:\Program Files\JetBrains\IntelliJ IDEA Community Edition 2022.2.4\bin;;C:\Program Files\Java\jdk-18.0.2.1\bin
JRE paths:	;D:\Program Files (x86)\VMware\VMware Workstation\bin\;C:\Python310\Scripts\;C:\Python310\;C:\Program Files\Common Files\Oracle\Java\javapath;C:\WINDOWS\system32;C:\WINDOWS;C:\WINDOWS\System32\Wbem;C:\WINDOWS\System32\WindowsPowerShell\v1.0\;C:\WINDOWS\System32\OpenSSH\;C:\Program Files\NVIDIA Corporation\NVIDIA NvDLISR;D:\Program Files\Git\cmd;C:\Program Files (x86)\NVIDIA Corporation\PhysX\Common;C:\Program Files\Microsoft SQL Server\150\Tools\Binn\;C:\Program Files\Microsoft SQL Server\Client SDK\ODBC\170\Tools\Binn\;C:\Program Files\dotnet\;C:\Program Files\nodejs\;C:\ProgramData\chocolatey\bin;C:\Program Files (x86)\Microsoft SQL Server\150\DTS\Binn\;C:\Program Files\Azure Data Studio\bin;C:\Program Files (x86)\Microsoft SQL Server\150\Tools\Binn\;C:\Program Files\Microsoft SQL Server\150\DTS\Binn\;C:\Program Files\Microsoft SQL Server\130\Tools\Binn\;C:\Program Files\Java\jdk-18.0.2.1\bin;D:\Users\hs475\Anaconda3;D:\Users\hs475\Anaconda3\Library\mingw-w64\bin;D:\Users\hs475\Anaconda3\Library\usr\bin;D:\Users\hs475\Anaconda3\Library\bin;D:\Users\hs475\Anaconda3\Scripts;C:\Users\hs475\AppData\Local\Microsoft\WindowsApps;D:\Users\hs475\AppData\Local\Programs\Microsoft VS Code\bin;C:\Users\hs475\.dotnet\tools;C:\Users\hs475\AppData\Roaming\npm;C:\Program Files\Azure Data Studio\bin;C:\Program Files\Java\jdk-18.0.2.1\bin;;D:\Program Files\JetBrains\IntelliJ IDEA Community Edition 2022.2.4\bin;;C:\Program Files\Java\jdk-18.0.2.1\bin
Check launcher:	D:\Program Files (x86)\VMware\VMware Workstation\bin\bin\javaw.exe (not found)
Check launcher:	C:\Python310\Scripts\bin\javaw.exe (not found)
Check launcher:	C:\Python310\bin\javaw.exe (not found)
Check launcher:	C:\Program Files\Common Files\Oracle\Java\javapath\bin\javaw.exe (not found)
Check launcher:	C:\WINDOWS\system32\bin\javaw.exe (not found)
Check launcher:	C:\WINDOWS\bin\javaw.exe (not found)
Check launcher:	C:\WINDOWS\System32\Wbem\bin\javaw.exe (not found)
Check launcher:	C:\WINDOWS\System32\WindowsPowerShell\v1.0\bin\javaw.exe (not found)
Check launcher:	C:\WINDOWS\System32\OpenSSH\bin\javaw.exe (not found)
Check launcher:	C:\Program Files\NVIDIA Corporation\NVIDIA NvDLISR\bin\javaw.exe (not found)
Check launcher:	D:\Program Files\Git\cmd\bin\javaw.exe (not found)
Check launcher:	C:\Program Files (x86)\NVIDIA Corporation\PhysX\Common\bin\javaw.exe (not found)
Check launcher:	C:\Program Files\Microsoft SQL Server\150\Tools\Binn\bin\javaw.exe (not found)
Check launcher:	C:\Program Files\Microsoft SQL Server\Client SDK\ODBC\170\Tools\Binn\bin\javaw.exe (not found)
Check launcher:	C:\Program Files\dotnet\bin\javaw.exe (not found)
Check launcher:	C:\Program Files\nodejs\bin\javaw.exe (not found)
Check launcher:	C:\ProgramData\chocolatey\bin\javaw.exe (not found)
Check launcher:	C:\Program Files (x86)\Microsoft SQL Server\150\DTS\Binn\bin\javaw.exe (not found)
Check launcher:	C:\Program Files\Azure Data Studio\bin\javaw.exe (not found)
Check launcher:	C:\Program Files (x86)\Microsoft SQL Server\150\Tools\Binn\bin\javaw.exe (not found)
Check launcher:	C:\Program Files\Microsoft SQL Server\150\DTS\Binn\bin\javaw.exe (not found)
Check launcher:	C:\Program Files\Microsoft SQL Server\130\Tools\Binn\bin\javaw.exe (not found)
Check launcher:	C:\Program Files\Java\jdk-18.0.2.1\bin\javaw.exe (OK)
Warning:	formatJavaVersion() too many parts added.
Version string: 1.018.000_002 / 64-Bit (OK)
Main class:	com.cams.cams.CAMS_start_page_client
Add classpath:	lib\mysql-connector-java.jar
Add classpath:	lib\flatlaf-2.6.jar
Add classpath:	lib\poi-5.2.3.jar
Add classpath:	lib\poi-examples-5.2.3.jar
Add classpath:	lib\poi-excelant-5.2.3.jar
Add classpath:	lib\poi-javadoc-5.2.3.jar
Add classpath:	lib\poi-ooxml-5.2.3.jar
Add classpath:	lib\poi-ooxml-full-5.2.3.jar
Add classpath:	lib\poi-ooxml-lite-5.2.3.jar
Add classpath:	lib\poi-scratchpad-5.2.3.jar
Add classpath:	lib\SparseBitSet-1.2.jar
Add classpath:	lib\commons-codec-1.15.jar
Add classpath:	lib\commons-collections4-4.4.jar
Add classpath:	lib\commons-io-2.11.0.jar
Add classpath:	lib\commons-math3-3.6.1.jar
Add classpath:	lib\log4j-api-2.18.0.jar
Add classpath:	lib\commons-compress-1.21.jar
Add classpath:	lib\commons-logging-1.2.jar
Add classpath:	lib\curvesapi-1.07.jar
Add classpath:	lib\jakarta.activation-2.0.1.jar
Add classpath:	lib\jakarta.xml.bind-api-3.0.1.jar
Add classpath:	lib\slf4j-api-1.7.36.jar
Add classpath:	lib\xmlbeans-5.1.1.jar
Launcher:	C:\Program Files\Java\jdk-18.0.2.1\bin\javaw.exe
Launcher args:	-classpath "C:\Users\hs475\OneDrive\Desktop\projects\CAMS_ANT\output\cams_client.exe;lib\mysql-connector-java.jar;lib\flatlaf-2.6.jar;lib\poi-5.2.3.jar;lib\poi-examples-5.2.3.jar;lib\poi-excelant-5.2.3.jar;lib\poi-javadoc-5.2.3.jar;lib\poi-ooxml-5.2.3.jar;lib\poi-ooxml-full-5.2.3.jar;lib\poi-ooxml-lite-5.2.3.jar;lib\poi-scratchpad-5.2.3.jar;lib\SparseBitSet-1.2.jar;lib\commons-codec-1.15.jar;lib\commons-collections4-4.4.jar;lib\commons-io-2.11.0.jar;lib\commons-math3-3.6.1.jar;lib\log4j-api-2.18.0.jar;lib\commons-compress-1.21.jar;lib\commons-logging-1.2.jar;lib\curvesapi-1.07.jar;lib\jakarta.activation-2.0.1.jar;lib\jakarta.xml.bind-api-3.0.1.jar;lib\slf4j-api-1.7.36.jar;lib\xmlbeans-5.1.1.jar" com.cams.cams.CAMS_start_page_client
Args length:	741/32768 chars
Exit code:	0


Version:	3.50
CmdLine:	C:\Users\hs475\OneDrive\Desktop\projects\CAMS_ANT\output\cams_client.exe --l4j-debug
JNI:		No
WOW64:		Yes
Working dir:	C:\Users\hs475\OneDrive\Desktop\projects\CAMS_ANT\output\.
Requires JDK:	No
Requires 64-Bit: No
Java min ver:	
Java max ver:	
Substitute:	JAVA_HOME = 
Substitute:	PATH = D:\Program Files (x86)\VMware\VMware Workstation\bin\;C:\Python310\Scripts\;C:\Python310\;C:\Program Files\Common Files\Oracle\Java\javapath;C:\WINDOWS\system32;C:\WINDOWS;C:\WINDOWS\System32\Wbem;C:\WINDOWS\System32\WindowsPowerShell\v1.0\;C:\WINDOWS\System32\OpenSSH\;C:\Program Files\NVIDIA Corporation\NVIDIA NvDLISR;D:\Program Files\Git\cmd;C:\Program Files (x86)\NVIDIA Corporation\PhysX\Common;C:\Program Files\Microsoft SQL Server\150\Tools\Binn\;C:\Program Files\Microsoft SQL Server\Client SDK\ODBC\170\Tools\Binn\;C:\Program Files\dotnet\;C:\Program Files\nodejs\;C:\ProgramData\chocolatey\bin;C:\Program Files (x86)\Microsoft SQL Server\150\DTS\Binn\;C:\Program Files\Azure Data Studio\bin;C:\Program Files (x86)\Microsoft SQL Server\150\Tools\Binn\;C:\Program Files\Microsoft SQL Server\150\DTS\Binn\;C:\Program Files\Microsoft SQL Server\130\Tools\Binn\;C:\Program Files\Java\jdk-18.0.2.1\bin;D:\Users\hs475\Anaconda3;D:\Users\hs475\Anaconda3\Library\mingw-w64\bin;D:\Users\hs475\Anaconda3\Library\usr\bin;D:\Users\hs475\Anaconda3\Library\bin;D:\Users\hs475\Anaconda3\Scripts;C:\Users\hs475\AppData\Local\Microsoft\WindowsApps;D:\Users\hs475\AppData\Local\Programs\Microsoft VS Code\bin;C:\Users\hs475\.dotnet\tools;C:\Users\hs475\AppData\Roaming\npm;C:\Program Files\Azure Data Studio\bin;C:\Program Files\Java\jdk-18.0.2.1\bin;;D:\Program Files\JetBrains\IntelliJ IDEA Community Edition 2022.2.4\bin;;C:\Program Files\Java\jdk-18.0.2.1\bin
JRE paths:	;D:\Program Files (x86)\VMware\VMware Workstation\bin\;C:\Python310\Scripts\;C:\Python310\;C:\Program Files\Common Files\Oracle\Java\javapath;C:\WINDOWS\system32;C:\WINDOWS;C:\WINDOWS\System32\Wbem;C:\WINDOWS\System32\WindowsPowerShell\v1.0\;C:\WINDOWS\System32\OpenSSH\;C:\Program Files\NVIDIA Corporation\NVIDIA NvDLISR;D:\Program Files\Git\cmd;C:\Program Files (x86)\NVIDIA Corporation\PhysX\Common;C:\Program Files\Microsoft SQL Server\150\Tools\Binn\;C:\Program Files\Microsoft SQL Server\Client SDK\ODBC\170\Tools\Binn\;C:\Program Files\dotnet\;C:\Program Files\nodejs\;C:\ProgramData\chocolatey\bin;C:\Program Files (x86)\Microsoft SQL Server\150\DTS\Binn\;C:\Program Files\Azure Data Studio\bin;C:\Program Files (x86)\Microsoft SQL Server\150\Tools\Binn\;C:\Program Files\Microsoft SQL Server\150\DTS\Binn\;C:\Program Files\Microsoft SQL Server\130\Tools\Binn\;C:\Program Files\Java\jdk-18.0.2.1\bin;D:\Users\hs475\Anaconda3;D:\Users\hs475\Anaconda3\Library\mingw-w64\bin;D:\Users\hs475\Anaconda3\Library\usr\bin;D:\Users\hs475\Anaconda3\Library\bin;D:\Users\hs475\Anaconda3\Scripts;C:\Users\hs475\AppData\Local\Microsoft\WindowsApps;D:\Users\hs475\AppData\Local\Programs\Microsoft VS Code\bin;C:\Users\hs475\.dotnet\tools;C:\Users\hs475\AppData\Roaming\npm;C:\Program Files\Azure Data Studio\bin;C:\Program Files\Java\jdk-18.0.2.1\bin;;D:\Program Files\JetBrains\IntelliJ IDEA Community Edition 2022.2.4\bin;;C:\Program Files\Java\jdk-18.0.2.1\bin
Check launcher:	D:\Program Files (x86)\VMware\VMware Workstation\bin\bin\javaw.exe (not found)
Check launcher:	C:\Python310\Scripts\bin\javaw.exe (not found)
Check launcher:	C:\Python310\bin\javaw.exe (not found)
Check launcher:	C:\Program Files\Common Files\Oracle\Java\javapath\bin\javaw.exe (not found)
Check launcher:	C:\WINDOWS\system32\bin\javaw.exe (not found)
Check launcher:	C:\WINDOWS\bin\javaw.exe (not found)
Check launcher:	C:\WINDOWS\System32\Wbem\bin\javaw.exe (not found)
Check launcher:	C:\WINDOWS\System32\WindowsPowerShell\v1.0\bin\javaw.exe (not found)
Check launcher:	C:\WINDOWS\System32\OpenSSH\bin\javaw.exe (not found)
Check launcher:	C:\Program Files\NVIDIA Corporation\NVIDIA NvDLISR\bin\javaw.exe (not found)
Check launcher:	D:\Program Files\Git\cmd\bin\javaw.exe (not found)
Check launcher:	C:\Program Files (x86)\NVIDIA Corporation\PhysX\Common\bin\javaw.exe (not found)
Check launcher:	C:\Program Files\Microsoft SQL Server\150\Tools\Binn\bin\javaw.exe (not found)
Check launcher:	C:\Program Files\Microsoft SQL Server\Client SDK\ODBC\170\Tools\Binn\bin\javaw.exe (not found)
Check launcher:	C:\Program Files\dotnet\bin\javaw.exe (not found)
Check launcher:	C:\Program Files\nodejs\bin\javaw.exe (not found)
Check launcher:	C:\ProgramData\chocolatey\bin\javaw.exe (not found)
Check launcher:	C:\Program Files (x86)\Microsoft SQL Server\150\DTS\Binn\bin\javaw.exe (not found)
Check launcher:	C:\Program Files\Azure Data Studio\bin\javaw.exe (not found)
Check launcher:	C:\Program Files (x86)\Microsoft SQL Server\150\Tools\Binn\bin\javaw.exe (not found)
Check launcher:	C:\Program Files\Microsoft SQL Server\150\DTS\Binn\bin\javaw.exe (not found)
Check launcher:	C:\Program Files\Microsoft SQL Server\130\Tools\Binn\bin\javaw.exe (not found)
Check launcher:	C:\Program Files\Java\jdk-18.0.2.1\bin\javaw.exe (OK)
Warning:	formatJavaVersion() too many parts added.
Version string: 1.018.000_002 / 64-Bit (OK)
Main class:	com.cams.cams.CAMS_start_page_client
Add classpath:	lib\mysql-connector-java.jar
Add classpath:	lib\flatlaf-2.6.jar
Add classpath:	lib\poi-5.2.3.jar
Add classpath:	lib\poi-examples-5.2.3.jar
Add classpath:	lib\poi-excelant-5.2.3.jar
Add classpath:	lib\poi-javadoc-5.2.3.jar
Add classpath:	lib\poi-ooxml-5.2.3.jar
Add classpath:	lib\poi-ooxml-full-5.2.3.jar
Add classpath:	lib\poi-ooxml-lite-5.2.3.jar
Add classpath:	lib\poi-scratchpad-5.2.3.jar
Add classpath:	lib\SparseBitSet-1.2.jar
Add classpath:	lib\commons-codec-1.15.jar
Add classpath:	lib\commons-collections4-4.4.jar
Add classpath:	lib\commons-io-2.11.0.jar
Add classpath:	lib\commons-math3-3.6.1.jar
Add classpath:	lib\log4j-api-2.18.0.jar
Add classpath:	lib\commons-compress-1.21.jar
Add classpath:	lib\commons-logging-1.2.jar
Add classpath:	lib\curvesapi-1.07.jar
Add classpath:	lib\jakarta.activation-2.0.1.jar
Add classpath:	lib\jakarta.xml.bind-api-3.0.1.jar
Add classpath:	lib\slf4j-api-1.7.36.jar
Add classpath:	lib\xmlbeans-5.1.1.jar
Launcher:	C:\Program Files\Java\jdk-18.0.2.1\bin\javaw.exe
Launcher args:	-classpath "C:\Users\hs475\OneDrive\Desktop\projects\CAMS_ANT\output\cams_client.exe;lib\mysql-connector-java.jar;lib\flatlaf-2.6.jar;lib\poi-5.2.3.jar;lib\poi-examples-5.2.3.jar;lib\poi-excelant-5.2.3.jar;lib\poi-javadoc-5.2.3.jar;lib\poi-ooxml-5.2.3.jar;lib\poi-ooxml-full-5.2.3.jar;lib\poi-ooxml-lite-5.2.3.jar;lib\poi-scratchpad-5.2.3.jar;lib\SparseBitSet-1.2.jar;lib\commons-codec-1.15.jar;lib\commons-collections4-4.4.jar;lib\commons-io-2.11.0.jar;lib\commons-math3-3.6.1.jar;lib\log4j-api-2.18.0.jar;lib\commons-compress-1.21.jar;lib\commons-logging-1.2.jar;lib\curvesapi-1.07.jar;lib\jakarta.activation-2.0.1.jar;lib\jakarta.xml.bind-api-3.0.1.jar;lib\slf4j-api-1.7.36.jar;lib\xmlbeans-5.1.1.jar" com.cams.cams.CAMS_start_page_client
Args length:	741/32768 chars
Exit code:	0


Version:	3.50
CmdLine:	C:\Users\hs475\OneDrive\Desktop\projects\CAMS_ANT\output\cams_client.exe --l4j-debug
JNI:		No
WOW64:		Yes
Working dir:	C:\Users\hs475\OneDrive\Desktop\projects\CAMS_ANT\output\.
Requires JDK:	No
Requires 64-Bit: No
Java min ver:	
Java max ver:	
Substitute:	JAVA_HOME = 
Substitute:	PATH = D:\Program Files (x86)\VMware\VMware Workstation\bin\;C:\Python310\Scripts\;C:\Python310\;C:\Program Files\Common Files\Oracle\Java\javapath;C:\WINDOWS\system32;C:\WINDOWS;C:\WINDOWS\System32\Wbem;C:\WINDOWS\System32\WindowsPowerShell\v1.0\;C:\WINDOWS\System32\OpenSSH\;C:\Program Files\NVIDIA Corporation\NVIDIA NvDLISR;D:\Program Files\Git\cmd;C:\Program Files (x86)\NVIDIA Corporation\PhysX\Common;C:\Program Files\Microsoft SQL Server\150\Tools\Binn\;C:\Program Files\Microsoft SQL Server\Client SDK\ODBC\170\Tools\Binn\;C:\Program Files\dotnet\;C:\Program Files\nodejs\;C:\ProgramData\chocolatey\bin;C:\Program Files (x86)\Microsoft SQL Server\150\DTS\Binn\;C:\Program Files\Azure Data Studio\bin;C:\Program Files (x86)\Microsoft SQL Server\150\Tools\Binn\;C:\Program Files\Microsoft SQL Server\150\DTS\Binn\;C:\Program Files\Microsoft SQL Server\130\Tools\Binn\;C:\Program Files\Java\jdk-18.0.2.1\bin;D:\Users\hs475\Anaconda3;D:\Users\hs475\Anaconda3\Library\mingw-w64\bin;D:\Users\hs475\Anaconda3\Library\usr\bin;D:\Users\hs475\Anaconda3\Library\bin;D:\Users\hs475\Anaconda3\Scripts;C:\Users\hs475\AppData\Local\Microsoft\WindowsApps;D:\Users\hs475\AppData\Local\Programs\Microsoft VS Code\bin;C:\Users\hs475\.dotnet\tools;C:\Users\hs475\AppData\Roaming\npm;C:\Program Files\Azure Data Studio\bin;C:\Program Files\Java\jdk-18.0.2.1\bin;;D:\Program Files\JetBrains\IntelliJ IDEA Community Edition 2022.2.4\bin;;C:\Program Files\Java\jdk-18.0.2.1\bin
JRE paths:	;D:\Program Files (x86)\VMware\VMware Workstation\bin\;C:\Python310\Scripts\;C:\Python310\;C:\Program Files\Common Files\Oracle\Java\javapath;C:\WINDOWS\system32;C:\WINDOWS;C:\WINDOWS\System32\Wbem;C:\WINDOWS\System32\WindowsPowerShell\v1.0\;C:\WINDOWS\System32\OpenSSH\;C:\Program Files\NVIDIA Corporation\NVIDIA NvDLISR;D:\Program Files\Git\cmd;C:\Program Files (x86)\NVIDIA Corporation\PhysX\Common;C:\Program Files\Microsoft SQL Server\150\Tools\Binn\;C:\Program Files\Microsoft SQL Server\Client SDK\ODBC\170\Tools\Binn\;C:\Program Files\dotnet\;C:\Program Files\nodejs\;C:\ProgramData\chocolatey\bin;C:\Program Files (x86)\Microsoft SQL Server\150\DTS\Binn\;C:\Program Files\Azure Data Studio\bin;C:\Program Files (x86)\Microsoft SQL Server\150\Tools\Binn\;C:\Program Files\Microsoft SQL Server\150\DTS\Binn\;C:\Program Files\Microsoft SQL Server\130\Tools\Binn\;C:\Program Files\Java\jdk-18.0.2.1\bin;D:\Users\hs475\Anaconda3;D:\Users\hs475\Anaconda3\Library\mingw-w64\bin;D:\Users\hs475\Anaconda3\Library\usr\bin;D:\Users\hs475\Anaconda3\Library\bin;D:\Users\hs475\Anaconda3\Scripts;C:\Users\hs475\AppData\Local\Microsoft\WindowsApps;D:\Users\hs475\AppData\Local\Programs\Microsoft VS Code\bin;C:\Users\hs475\.dotnet\tools;C:\Users\hs475\AppData\Roaming\npm;C:\Program Files\Azure Data Studio\bin;C:\Program Files\Java\jdk-18.0.2.1\bin;;D:\Program Files\JetBrains\IntelliJ IDEA Community Edition 2022.2.4\bin;;C:\Program Files\Java\jdk-18.0.2.1\bin
Check launcher:	D:\Program Files (x86)\VMware\VMware Workstation\bin\bin\javaw.exe (not found)
Check launcher:	C:\Python310\Scripts\bin\javaw.exe (not found)
Check launcher:	C:\Python310\bin\javaw.exe (not found)
Check launcher:	C:\Program Files\Common Files\Oracle\Java\javapath\bin\javaw.exe (not found)
Check launcher:	C:\WINDOWS\system32\bin\javaw.exe (not found)
Check launcher:	C:\WINDOWS\bin\javaw.exe (not found)
Check launcher:	C:\WINDOWS\System32\Wbem\bin\javaw.exe (not found)
Check launcher:	C:\WINDOWS\System32\WindowsPowerShell\v1.0\bin\javaw.exe (not found)
Check launcher:	C:\WINDOWS\System32\OpenSSH\bin\javaw.exe (not found)
Check launcher:	C:\Program Files\NVIDIA Corporation\NVIDIA NvDLISR\bin\javaw.exe (not found)
Check launcher:	D:\Program Files\Git\cmd\bin\javaw.exe (not found)
Check launcher:	C:\Program Files (x86)\NVIDIA Corporation\PhysX\Common\bin\javaw.exe (not found)
Check launcher:	C:\Program Files\Microsoft SQL Server\150\Tools\Binn\bin\javaw.exe (not found)
Check launcher:	C:\Program Files\Microsoft SQL Server\Client SDK\ODBC\170\Tools\Binn\bin\javaw.exe (not found)
Check launcher:	C:\Program Files\dotnet\bin\javaw.exe (not found)
Check launcher:	C:\Program Files\nodejs\bin\javaw.exe (not found)
Check launcher:	C:\ProgramData\chocolatey\bin\javaw.exe (not found)
Check launcher:	C:\Program Files (x86)\Microsoft SQL Server\150\DTS\Binn\bin\javaw.exe (not found)
Check launcher:	C:\Program Files\Azure Data Studio\bin\javaw.exe (not found)
Check launcher:	C:\Program Files (x86)\Microsoft SQL Server\150\Tools\Binn\bin\javaw.exe (not found)
Check launcher:	C:\Program Files\Microsoft SQL Server\150\DTS\Binn\bin\javaw.exe (not found)
Check launcher:	C:\Program Files\Microsoft SQL Server\130\Tools\Binn\bin\javaw.exe (not found)
Check launcher:	C:\Program Files\Java\jdk-18.0.2.1\bin\javaw.exe (OK)
Warning:	formatJavaVersion() too many parts added.
Version string: 1.018.000_002 / 64-Bit (OK)
Main class:	com.cams.cams.CAMS_start_page_client
Add classpath:	lib\mysql-connector-java.jar
Add classpath:	lib\flatlaf-2.6.jar
Add classpath:	lib\poi-5.2.3.jar
Add classpath:	lib\poi-examples-5.2.3.jar
Add classpath:	lib\poi-excelant-5.2.3.jar
Add classpath:	lib\poi-javadoc-5.2.3.jar
Add classpath:	lib\poi-ooxml-5.2.3.jar
Add classpath:	lib\poi-ooxml-full-5.2.3.jar
Add classpath:	lib\poi-ooxml-lite-5.2.3.jar
Add classpath:	lib\poi-scratchpad-5.2.3.jar
Add classpath:	lib\SparseBitSet-1.2.jar
Add classpath:	lib\commons-codec-1.15.jar
Add classpath:	lib\commons-collections4-4.4.jar
Add classpath:	lib\commons-io-2.11.0.jar
Add classpath:	lib\commons-math3-3.6.1.jar
Add classpath:	lib\log4j-api-2.18.0.jar
Add classpath:	lib\commons-compress-1.21.jar
Add classpath:	lib\commons-logging-1.2.jar
Add classpath:	lib\curvesapi-1.07.jar
Add classpath:	lib\jakarta.activation-2.0.1.jar
Add classpath:	lib\jakarta.xml.bind-api-3.0.1.jar
Add classpath:	lib\slf4j-api-1.7.36.jar
Add classpath:	lib\xmlbeans-5.1.1.jar
Launcher:	C:\Program Files\Java\jdk-18.0.2.1\bin\javaw.exe
Launcher args:	-classpath "C:\Users\hs475\OneDrive\Desktop\projects\CAMS_ANT\output\cams_client.exe;lib\mysql-connector-java.jar;lib\flatlaf-2.6.jar;lib\poi-5.2.3.jar;lib\poi-examples-5.2.3.jar;lib\poi-excelant-5.2.3.jar;lib\poi-javadoc-5.2.3.jar;lib\poi-ooxml-5.2.3.jar;lib\poi-ooxml-full-5.2.3.jar;lib\poi-ooxml-lite-5.2.3.jar;lib\poi-scratchpad-5.2.3.jar;lib\SparseBitSet-1.2.jar;lib\commons-codec-1.15.jar;lib\commons-collections4-4.4.jar;lib\commons-io-2.11.0.jar;lib\commons-math3-3.6.1.jar;lib\log4j-api-2.18.0.jar;lib\commons-compress-1.21.jar;lib\commons-logging-1.2.jar;lib\curvesapi-1.07.jar;lib\jakarta.activation-2.0.1.jar;lib\jakarta.xml.bind-api-3.0.1.jar;lib\slf4j-api-1.7.36.jar;lib\xmlbeans-5.1.1.jar" com.cams.cams.CAMS_start_page_client
Args length:	741/32768 chars
Exit code:	0


Version:	3.50
CmdLine:	C:\Users\hs475\OneDrive\Desktop\projects\CAMS_ANT\output\cams_admin.exe --l4j-debug
JNI:		No
WOW64:		Yes
Working dir:	C:\Users\hs475\OneDrive\Desktop\projects\CAMS_ANT\output\.
Requires JDK:	No
Requires 64-Bit: No
Java min ver:	
Java max ver:	
Substitute:	JAVA_HOME = 
Substitute:	PATH = D:\Program Files (x86)\VMware\VMware Workstation\bin\;C:\Python310\Scripts\;C:\Python310\;C:\Program Files\Common Files\Oracle\Java\javapath;C:\WINDOWS\system32;C:\WINDOWS;C:\WINDOWS\System32\Wbem;C:\WINDOWS\System32\WindowsPowerShell\v1.0\;C:\WINDOWS\System32\OpenSSH\;C:\Program Files\NVIDIA Corporation\NVIDIA NvDLISR;D:\Program Files\Git\cmd;C:\Program Files (x86)\NVIDIA Corporation\PhysX\Common;C:\Program Files\Microsoft SQL Server\150\Tools\Binn\;C:\Program Files\Microsoft SQL Server\Client SDK\ODBC\170\Tools\Binn\;C:\Program Files\dotnet\;C:\Program Files\nodejs\;C:\ProgramData\chocolatey\bin;C:\Program Files (x86)\Microsoft SQL Server\150\DTS\Binn\;C:\Program Files\Azure Data Studio\bin;C:\Program Files (x86)\Microsoft SQL Server\150\Tools\Binn\;C:\Program Files\Microsoft SQL Server\150\DTS\Binn\;C:\Program Files\Microsoft SQL Server\130\Tools\Binn\;C:\Program Files\Java\jdk-18.0.2.1\bin;D:\Users\hs475\Anaconda3;D:\Users\hs475\Anaconda3\Library\mingw-w64\bin;D:\Users\hs475\Anaconda3\Library\usr\bin;D:\Users\hs475\Anaconda3\Library\bin;D:\Users\hs475\Anaconda3\Scripts;C:\Users\hs475\AppData\Local\Microsoft\WindowsApps;D:\Users\hs475\AppData\Local\Programs\Microsoft VS Code\bin;C:\Users\hs475\.dotnet\tools;C:\Users\hs475\AppData\Roaming\npm;C:\Program Files\Azure Data Studio\bin;C:\Program Files\Java\jdk-18.0.2.1\bin;;D:\Program Files\JetBrains\IntelliJ IDEA Community Edition 2022.2.4\bin;;C:\Program Files\Java\jdk-18.0.2.1\bin
JRE paths:	;D:\Program Files (x86)\VMware\VMware Workstation\bin\;C:\Python310\Scripts\;C:\Python310\;C:\Program Files\Common Files\Oracle\Java\javapath;C:\WINDOWS\system32;C:\WINDOWS;C:\WINDOWS\System32\Wbem;C:\WINDOWS\System32\WindowsPowerShell\v1.0\;C:\WINDOWS\System32\OpenSSH\;C:\Program Files\NVIDIA Corporation\NVIDIA NvDLISR;D:\Program Files\Git\cmd;C:\Program Files (x86)\NVIDIA Corporation\PhysX\Common;C:\Program Files\Microsoft SQL Server\150\Tools\Binn\;C:\Program Files\Microsoft SQL Server\Client SDK\ODBC\170\Tools\Binn\;C:\Program Files\dotnet\;C:\Program Files\nodejs\;C:\ProgramData\chocolatey\bin;C:\Program Files (x86)\Microsoft SQL Server\150\DTS\Binn\;C:\Program Files\Azure Data Studio\bin;C:\Program Files (x86)\Microsoft SQL Server\150\Tools\Binn\;C:\Program Files\Microsoft SQL Server\150\DTS\Binn\;C:\Program Files\Microsoft SQL Server\130\Tools\Binn\;C:\Program Files\Java\jdk-18.0.2.1\bin;D:\Users\hs475\Anaconda3;D:\Users\hs475\Anaconda3\Library\mingw-w64\bin;D:\Users\hs475\Anaconda3\Library\usr\bin;D:\Users\hs475\Anaconda3\Library\bin;D:\Users\hs475\Anaconda3\Scripts;C:\Users\hs475\AppData\Local\Microsoft\WindowsApps;D:\Users\hs475\AppData\Local\Programs\Microsoft VS Code\bin;C:\Users\hs475\.dotnet\tools;C:\Users\hs475\AppData\Roaming\npm;C:\Program Files\Azure Data Studio\bin;C:\Program Files\Java\jdk-18.0.2.1\bin;;D:\Program Files\JetBrains\IntelliJ IDEA Community Edition 2022.2.4\bin;;C:\Program Files\Java\jdk-18.0.2.1\bin
Check launcher:	D:\Program Files (x86)\VMware\VMware Workstation\bin\bin\javaw.exe (not found)
Check launcher:	C:\Python310\Scripts\bin\javaw.exe (not found)
Check launcher:	C:\Python310\bin\javaw.exe (not found)
Check launcher:	C:\Program Files\Common Files\Oracle\Java\javapath\bin\javaw.exe (not found)
Check launcher:	C:\WINDOWS\system32\bin\javaw.exe (not found)
Check launcher:	C:\WINDOWS\bin\javaw.exe (not found)
Check launcher:	C:\WINDOWS\System32\Wbem\bin\javaw.exe (not found)
Check launcher:	C:\WINDOWS\System32\WindowsPowerShell\v1.0\bin\javaw.exe (not found)
Check launcher:	C:\WINDOWS\System32\OpenSSH\bin\javaw.exe (not found)
Check launcher:	C:\Program Files\NVIDIA Corporation\NVIDIA NvDLISR\bin\javaw.exe (not found)
Check launcher:	D:\Program Files\Git\cmd\bin\javaw.exe (not found)
Check launcher:	C:\Program Files (x86)\NVIDIA Corporation\PhysX\Common\bin\javaw.exe (not found)
Check launcher:	C:\Program Files\Microsoft SQL Server\150\Tools\Binn\bin\javaw.exe (not found)
Check launcher:	C:\Program Files\Microsoft SQL Server\Client SDK\ODBC\170\Tools\Binn\bin\javaw.exe (not found)
Check launcher:	C:\Program Files\dotnet\bin\javaw.exe (not found)
Check launcher:	C:\Program Files\nodejs\bin\javaw.exe (not found)
Check launcher:	C:\ProgramData\chocolatey\bin\javaw.exe (not found)
Check launcher:	C:\Program Files (x86)\Microsoft SQL Server\150\DTS\Binn\bin\javaw.exe (not found)
Check launcher:	C:\Program Files\Azure Data Studio\bin\javaw.exe (not found)
Check launcher:	C:\Program Files (x86)\Microsoft SQL Server\150\Tools\Binn\bin\javaw.exe (not found)
Check launcher:	C:\Program Files\Microsoft SQL Server\150\DTS\Binn\bin\javaw.exe (not found)
Check launcher:	C:\Program Files\Microsoft SQL Server\130\Tools\Binn\bin\javaw.exe (not found)
Check launcher:	C:\Program Files\Java\jdk-18.0.2.1\bin\javaw.exe (OK)
Warning:	formatJavaVersion() too many parts added.
Version string: 1.018.000_002 / 64-Bit (OK)
Main class:	com.cams.cams.CAMS_admin_start
Add classpath:	lib\mysql-connector-java.jar
Add classpath:	lib\flatlaf-2.6.jar
Add classpath:	lib\poi-5.2.3.jar
Add classpath:	lib\poi-examples-5.2.3.jar
Add classpath:	lib\poi-excelant-5.2.3.jar
Add classpath:	lib\poi-javadoc-5.2.3.jar
Add classpath:	lib\poi-ooxml-5.2.3.jar
Add classpath:	lib\poi-ooxml-full-5.2.3.jar
Add classpath:	lib\poi-ooxml-lite-5.2.3.jar
Add classpath:	lib\poi-scratchpad-5.2.3.jar
Add classpath:	lib\SparseBitSet-1.2.jar
Add classpath:	lib\commons-codec-1.15.jar
Add classpath:	lib\commons-collections4-4.4.jar
Add classpath:	lib\commons-io-2.11.0.jar
Add classpath:	lib\commons-math3-3.6.1.jar
Add classpath:	lib\log4j-api-2.18.0.jar
Add classpath:	lib\commons-compress-1.21.jar
Add classpath:	lib\commons-logging-1.2.jar
Add classpath:	lib\curvesapi-1.07.jar
Add classpath:	lib\jakarta.activation-2.0.1.jar
Add classpath:	lib\jakarta.xml.bind-api-3.0.1.jar
Add classpath:	lib\slf4j-api-1.7.36.jar
Add classpath:	lib\xmlbeans-5.1.1.jar
Launcher:	C:\Program Files\Java\jdk-18.0.2.1\bin\javaw.exe
Launcher args:	-classpath "C:\Users\hs475\OneDrive\Desktop\projects\CAMS_ANT\output\cams_admin.exe;lib\mysql-connector-java.jar;lib\flatlaf-2.6.jar;lib\poi-5.2.3.jar;lib\poi-examples-5.2.3.jar;lib\poi-excelant-5.2.3.jar;lib\poi-javadoc-5.2.3.jar;lib\poi-ooxml-5.2.3.jar;lib\poi-ooxml-full-5.2.3.jar;lib\poi-ooxml-lite-5.2.3.jar;lib\poi-scratchpad-5.2.3.jar;lib\SparseBitSet-1.2.jar;lib\commons-codec-1.15.jar;lib\commons-collections4-4.4.jar;lib\commons-io-2.11.0.jar;lib\commons-math3-3.6.1.jar;lib\log4j-api-2.18.0.jar;lib\commons-compress-1.21.jar;lib\commons-logging-1.2.jar;lib\curvesapi-1.07.jar;lib\jakarta.activation-2.0.1.jar;lib\jakarta.xml.bind-api-3.0.1.jar;lib\slf4j-api-1.7.36.jar;lib\xmlbeans-5.1.1.jar" com.cams.cams.CAMS_admin_start
Args length:	734/32768 chars
Exit code:	0


Version:	3.50
CmdLine:	C:\Users\hs475\OneDrive\Desktop\projects\CAMS_ANT\output\cams_admin.exe --l4j-debug
JNI:		No
WOW64:		Yes
Working dir:	C:\Users\hs475\OneDrive\Desktop\projects\CAMS_ANT\output\.
Requires JDK:	No
Requires 64-Bit: No
Java min ver:	
Java max ver:	
Substitute:	JAVA_HOME = 
Substitute:	PATH = D:\Program Files (x86)\VMware\VMware Workstation\bin\;C:\Python310\Scripts\;C:\Python310\;C:\Program Files\Common Files\Oracle\Java\javapath;C:\WINDOWS\system32;C:\WINDOWS;C:\WINDOWS\System32\Wbem;C:\WINDOWS\System32\WindowsPowerShell\v1.0\;C:\WINDOWS\System32\OpenSSH\;C:\Program Files\NVIDIA Corporation\NVIDIA NvDLISR;D:\Program Files\Git\cmd;C:\Program Files (x86)\NVIDIA Corporation\PhysX\Common;C:\Program Files\Microsoft SQL Server\150\Tools\Binn\;C:\Program Files\Microsoft SQL Server\Client SDK\ODBC\170\Tools\Binn\;C:\Program Files\dotnet\;C:\Program Files\nodejs\;C:\ProgramData\chocolatey\bin;C:\Program Files (x86)\Microsoft SQL Server\150\DTS\Binn\;C:\Program Files\Azure Data Studio\bin;C:\Program Files (x86)\Microsoft SQL Server\150\Tools\Binn\;C:\Program Files\Microsoft SQL Server\150\DTS\Binn\;C:\Program Files\Microsoft SQL Server\130\Tools\Binn\;C:\Program Files\Java\jdk-18.0.2.1\bin;D:\Program Files (x86)\Inno Setup 6;C:\Users\hs475\Downloads\chromedriver_win32;D:\Users\hs475\Anaconda3;D:\Users\hs475\Anaconda3\Library\mingw-w64\bin;D:\Users\hs475\Anaconda3\Library\usr\bin;D:\Users\hs475\Anaconda3\Library\bin;D:\Users\hs475\Anaconda3\Scripts;C:\Users\hs475\AppData\Local\Microsoft\WindowsApps;D:\Users\hs475\AppData\Local\Programs\Microsoft VS Code\bin;C:\Users\hs475\.dotnet\tools;C:\Users\hs475\AppData\Roaming\npm;C:\Program Files\Azure Data Studio\bin;C:\Program Files\Java\jdk-18.0.2.1\bin;D:\Program Files\JetBrains\IntelliJ IDEA Community Edition 2022.2.4\bin;;D:\Program Files (x86)\Inno Setup 6;C:\Users\hs475\Downloads\chromedriver_win32;;C:\Program Files\Java\jdk-18.0.2.1\bin
JRE paths:	;D:\Program Files (x86)\VMware\VMware Workstation\bin\;C:\Python310\Scripts\;C:\Python310\;C:\Program Files\Common Files\Oracle\Java\javapath;C:\WINDOWS\system32;C:\WINDOWS;C:\WINDOWS\System32\Wbem;C:\WINDOWS\System32\WindowsPowerShell\v1.0\;C:\WINDOWS\System32\OpenSSH\;C:\Program Files\NVIDIA Corporation\NVIDIA NvDLISR;D:\Program Files\Git\cmd;C:\Program Files (x86)\NVIDIA Corporation\PhysX\Common;C:\Program Files\Microsoft SQL Server\150\Tools\Binn\;C:\Program Files\Microsoft SQL Server\Client SDK\ODBC\170\Tools\Binn\;C:\Program Files\dotnet\;C:\Program Files\nodejs\;C:\ProgramData\chocolatey\bin;C:\Program Files (x86)\Microsoft SQL Server\150\DTS\Binn\;C:\Program Files\Azure Data Studio\bin;C:\Program Files (x86)\Microsoft SQL Server\150\Tools\Binn\;C:\Program Files\Microsoft SQL Server\150\DTS\Binn\;C:\Program Files\Microsoft SQL Server\130\Tools\Binn\;C:\Program Files\Java\jdk-18.0.2.1\bin;D:\Program Files (x86)\Inno Setup 6;C:\Users\hs475\Downloads\chromedriver_win32;D:\Users\hs475\Anaconda3;D:\Users\hs475\Anaconda3\Library\mingw-w64\bin;D:\Users\hs475\Anaconda3\Library\usr\bin;D:\Users\hs475\Anaconda3\Library\bin;D:\Users\hs475\Anaconda3\Scripts;C:\Users\hs475\AppData\Local\Microsoft\WindowsApps;D:\Users\hs475\AppData\Local\Programs\Microsoft VS Code\bin;C:\Users\hs475\.dotnet\tools;C:\Users\hs475\AppData\Roaming\npm;C:\Program Files\Azure Data Studio\bin;C:\Program Files\Java\jdk-18.0.2.1\bin;D:\Program Files\JetBrains\IntelliJ IDEA Community Edition 2022.2.4\bin;;D:\Program Files (x86)\Inno Setup 6;C:\Users\hs475\Downloads\chromedriver_win32;;C:\Program Files\Java\jdk-18.0.2.1\bin
Check launcher:	D:\Program Files (x86)\VMware\VMware Workstation\bin\bin\javaw.exe (not found)
Check launcher:	C:\Python310\Scripts\bin\javaw.exe (not found)
Check launcher:	C:\Python310\bin\javaw.exe (not found)
Check launcher:	C:\Program Files\Common Files\Oracle\Java\javapath\bin\javaw.exe (not found)
Check launcher:	C:\WINDOWS\system32\bin\javaw.exe (not found)
Check launcher:	C:\WINDOWS\bin\javaw.exe (not found)
Check launcher:	C:\WINDOWS\System32\Wbem\bin\javaw.exe (not found)
Check launcher:	C:\WINDOWS\System32\WindowsPowerShell\v1.0\bin\javaw.exe (not found)
Check launcher:	C:\WINDOWS\System32\OpenSSH\bin\javaw.exe (not found)
Check launcher:	C:\Program Files\NVIDIA Corporation\NVIDIA NvDLISR\bin\javaw.exe (not found)
Check launcher:	D:\Program Files\Git\cmd\bin\javaw.exe (not found)
Check launcher:	C:\Program Files (x86)\NVIDIA Corporation\PhysX\Common\bin\javaw.exe (not found)
Check launcher:	C:\Program Files\Microsoft SQL Server\150\Tools\Binn\bin\javaw.exe (not found)
Check launcher:	C:\Program Files\Microsoft SQL Server\Client SDK\ODBC\170\Tools\Binn\bin\javaw.exe (not found)
Check launcher:	C:\Program Files\dotnet\bin\javaw.exe (not found)
Check launcher:	C:\Program Files\nodejs\bin\javaw.exe (not found)
Check launcher:	C:\ProgramData\chocolatey\bin\javaw.exe (not found)
Check launcher:	C:\Program Files (x86)\Microsoft SQL Server\150\DTS\Binn\bin\javaw.exe (not found)
Check launcher:	C:\Program Files\Azure Data Studio\bin\javaw.exe (not found)
Check launcher:	C:\Program Files (x86)\Microsoft SQL Server\150\Tools\Binn\bin\javaw.exe (not found)
Check launcher:	C:\Program Files\Microsoft SQL Server\150\DTS\Binn\bin\javaw.exe (not found)
Check launcher:	C:\Program Files\Microsoft SQL Server\130\Tools\Binn\bin\javaw.exe (not found)
Check launcher:	C:\Program Files\Java\jdk-18.0.2.1\bin\javaw.exe (OK)
Warning:	formatJavaVersion() too many parts added.
Version string: 1.018.000_002 / 64-Bit (OK)
Main class:	com.cams.cams.CAMS_admin_start
Add classpath:	lib\mysql-connector-java.jar
Add classpath:	lib\flatlaf-2.6.jar
Add classpath:	lib\poi-5.2.3.jar
Add classpath:	lib\poi-examples-5.2.3.jar
Add classpath:	lib\poi-excelant-5.2.3.jar
Add classpath:	lib\poi-javadoc-5.2.3.jar
Add classpath:	lib\poi-ooxml-5.2.3.jar
Add classpath:	lib\poi-ooxml-full-5.2.3.jar
Add classpath:	lib\poi-ooxml-lite-5.2.3.jar
Add classpath:	lib\poi-scratchpad-5.2.3.jar
Add classpath:	lib\SparseBitSet-1.2.jar
Add classpath:	lib\commons-codec-1.15.jar
Add classpath:	lib\commons-collections4-4.4.jar
Add classpath:	lib\commons-io-2.11.0.jar
Add classpath:	lib\commons-math3-3.6.1.jar
Add classpath:	lib\log4j-api-2.18.0.jar
Add classpath:	lib\commons-compress-1.21.jar
Add classpath:	lib\commons-logging-1.2.jar
Add classpath:	lib\curvesapi-1.07.jar
Add classpath:	lib\jakarta.activation-2.0.1.jar
Add classpath:	lib\jakarta.xml.bind-api-3.0.1.jar
Add classpath:	lib\slf4j-api-1.7.36.jar
Add classpath:	lib\xmlbeans-5.1.1.jar
Launcher:	C:\Program Files\Java\jdk-18.0.2.1\bin\javaw.exe
Launcher args:	-classpath "C:\Users\hs475\OneDrive\Desktop\projects\CAMS_ANT\output\cams_admin.exe;lib\mysql-connector-java.jar;lib\flatlaf-2.6.jar;lib\poi-5.2.3.jar;lib\poi-examples-5.2.3.jar;lib\poi-excelant-5.2.3.jar;lib\poi-javadoc-5.2.3.jar;lib\poi-ooxml-5.2.3.jar;lib\poi-ooxml-full-5.2.3.jar;lib\poi-ooxml-lite-5.2.3.jar;lib\poi-scratchpad-5.2.3.jar;lib\SparseBitSet-1.2.jar;lib\commons-codec-1.15.jar;lib\commons-collections4-4.4.jar;lib\commons-io-2.11.0.jar;lib\commons-math3-3.6.1.jar;lib\log4j-api-2.18.0.jar;lib\commons-compress-1.21.jar;lib\commons-logging-1.2.jar;lib\curvesapi-1.07.jar;lib\jakarta.activation-2.0.1.jar;lib\jakarta.xml.bind-api-3.0.1.jar;lib\slf4j-api-1.7.36.jar;lib\xmlbeans-5.1.1.jar" com.cams.cams.CAMS_admin_start
Args length:	734/32768 chars
Exit code:	0


Version:	3.50
CmdLine:	C:\Users\hs475\OneDrive\Desktop\projects\CAMS_ANT\output\cams_client.exe --l4j-debug
JNI:		No
WOW64:		Yes
Working dir:	C:\Users\hs475\OneDrive\Desktop\projects\CAMS_ANT\output\.
Requires JDK:	No
Requires 64-Bit: No
Java min ver:	
Java max ver:	
Substitute:	JAVA_HOME = 
Substitute:	PATH = D:\Program Files (x86)\VMware\VMware Workstation\bin\;C:\Python310\Scripts\;C:\Python310\;C:\Program Files\Common Files\Oracle\Java\javapath;C:\WINDOWS\system32;C:\WINDOWS;C:\WINDOWS\System32\Wbem;C:\WINDOWS\System32\WindowsPowerShell\v1.0\;C:\WINDOWS\System32\OpenSSH\;C:\Program Files\NVIDIA Corporation\NVIDIA NvDLISR;D:\Program Files\Git\cmd;C:\Program Files (x86)\NVIDIA Corporation\PhysX\Common;C:\Program Files\Microsoft SQL Server\150\Tools\Binn\;C:\Program Files\Microsoft SQL Server\Client SDK\ODBC\170\Tools\Binn\;C:\Program Files\dotnet\;C:\Program Files\nodejs\;C:\ProgramData\chocolatey\bin;C:\Program Files (x86)\Microsoft SQL Server\150\DTS\Binn\;C:\Program Files\Azure Data Studio\bin;C:\Program Files (x86)\Microsoft SQL Server\150\Tools\Binn\;C:\Program Files\Microsoft SQL Server\150\DTS\Binn\;C:\Program Files\Microsoft SQL Server\130\Tools\Binn\;C:\Program Files\Java\jdk-18.0.2.1\bin;D:\Program Files (x86)\Inno Setup 6;C:\Users\hs475\Downloads\chromedriver_win32;D:\Users\hs475\Anaconda3;D:\Users\hs475\Anaconda3\Library\mingw-w64\bin;D:\Users\hs475\Anaconda3\Library\usr\bin;D:\Users\hs475\Anaconda3\Library\bin;D:\Users\hs475\Anaconda3\Scripts;C:\Users\hs475\AppData\Local\Microsoft\WindowsApps;D:\Users\hs475\AppData\Local\Programs\Microsoft VS Code\bin;C:\Users\hs475\.dotnet\tools;C:\Users\hs475\AppData\Roaming\npm;C:\Program Files\Azure Data Studio\bin;C:\Program Files\Java\jdk-18.0.2.1\bin;D:\Program Files\JetBrains\IntelliJ IDEA Community Edition 2022.2.4\bin;;D:\Program Files (x86)\Inno Setup 6;C:\Users\hs475\Downloads\chromedriver_win32;;C:\Program Files\Java\jdk-18.0.2.1\bin
JRE paths:	;D:\Program Files (x86)\VMware\VMware Workstation\bin\;C:\Python310\Scripts\;C:\Python310\;C:\Program Files\Common Files\Oracle\Java\javapath;C:\WINDOWS\system32;C:\WINDOWS;C:\WINDOWS\System32\Wbem;C:\WINDOWS\System32\WindowsPowerShell\v1.0\;C:\WINDOWS\System32\OpenSSH\;C:\Program Files\NVIDIA Corporation\NVIDIA NvDLISR;D:\Program Files\Git\cmd;C:\Program Files (x86)\NVIDIA Corporation\PhysX\Common;C:\Program Files\Microsoft SQL Server\150\Tools\Binn\;C:\Program Files\Microsoft SQL Server\Client SDK\ODBC\170\Tools\Binn\;C:\Program Files\dotnet\;C:\Program Files\nodejs\;C:\ProgramData\chocolatey\bin;C:\Program Files (x86)\Microsoft SQL Server\150\DTS\Binn\;C:\Program Files\Azure Data Studio\bin;C:\Program Files (x86)\Microsoft SQL Server\150\Tools\Binn\;C:\Program Files\Microsoft SQL Server\150\DTS\Binn\;C:\Program Files\Microsoft SQL Server\130\Tools\Binn\;C:\Program Files\Java\jdk-18.0.2.1\bin;D:\Program Files (x86)\Inno Setup 6;C:\Users\hs475\Downloads\chromedriver_win32;D:\Users\hs475\Anaconda3;D:\Users\hs475\Anaconda3\Library\mingw-w64\bin;D:\Users\hs475\Anaconda3\Library\usr\bin;D:\Users\hs475\Anaconda3\Library\bin;D:\Users\hs475\Anaconda3\Scripts;C:\Users\hs475\AppData\Local\Microsoft\WindowsApps;D:\Users\hs475\AppData\Local\Programs\Microsoft VS Code\bin;C:\Users\hs475\.dotnet\tools;C:\Users\hs475\AppData\Roaming\npm;C:\Program Files\Azure Data Studio\bin;C:\Program Files\Java\jdk-18.0.2.1\bin;D:\Program Files\JetBrains\IntelliJ IDEA Community Edition 2022.2.4\bin;;D:\Program Files (x86)\Inno Setup 6;C:\Users\hs475\Downloads\chromedriver_win32;;C:\Program Files\Java\jdk-18.0.2.1\bin
Check launcher:	D:\Program Files (x86)\VMware\VMware Workstation\bin\bin\javaw.exe (not found)
Check launcher:	C:\Python310\Scripts\bin\javaw.exe (not found)
Check launcher:	C:\Python310\bin\javaw.exe (not found)
Check launcher:	C:\Program Files\Common Files\Oracle\Java\javapath\bin\javaw.exe (not found)
Check launcher:	C:\WINDOWS\system32\bin\javaw.exe (not found)
Check launcher:	C:\WINDOWS\bin\javaw.exe (not found)
Check launcher:	C:\WINDOWS\System32\Wbem\bin\javaw.exe (not found)
Check launcher:	C:\WINDOWS\System32\WindowsPowerShell\v1.0\bin\javaw.exe (not found)
Check launcher:	C:\WINDOWS\System32\OpenSSH\bin\javaw.exe (not found)
Check launcher:	C:\Program Files\NVIDIA Corporation\NVIDIA NvDLISR\bin\javaw.exe (not found)
Check launcher:	D:\Program Files\Git\cmd\bin\javaw.exe (not found)
Check launcher:	C:\Program Files (x86)\NVIDIA Corporation\PhysX\Common\bin\javaw.exe (not found)
Check launcher:	C:\Program Files\Microsoft SQL Server\150\Tools\Binn\bin\javaw.exe (not found)
Check launcher:	C:\Program Files\Microsoft SQL Server\Client SDK\ODBC\170\Tools\Binn\bin\javaw.exe (not found)
Check launcher:	C:\Program Files\dotnet\bin\javaw.exe (not found)
Check launcher:	C:\Program Files\nodejs\bin\javaw.exe (not found)
Check launcher:	C:\ProgramData\chocolatey\bin\javaw.exe (not found)
Check launcher:	C:\Program Files (x86)\Microsoft SQL Server\150\DTS\Binn\bin\javaw.exe (not found)
Check launcher:	C:\Program Files\Azure Data Studio\bin\javaw.exe (not found)
Check launcher:	C:\Program Files (x86)\Microsoft SQL Server\150\Tools\Binn\bin\javaw.exe (not found)
Check launcher:	C:\Program Files\Microsoft SQL Server\150\DTS\Binn\bin\javaw.exe (not found)
Check launcher:	C:\Program Files\Microsoft SQL Server\130\Tools\Binn\bin\javaw.exe (not found)
Check launcher:	C:\Program Files\Java\jdk-18.0.2.1\bin\javaw.exe (OK)
Warning:	formatJavaVersion() too many parts added.
Version string: 1.018.000_002 / 64-Bit (OK)
Main class:	com.cams.cams.CAMS_start_page_client
Add classpath:	lib\mysql-connector-java.jar
Add classpath:	lib\flatlaf-2.6.jar
Add classpath:	lib\poi-5.2.3.jar
Add classpath:	lib\poi-examples-5.2.3.jar
Add classpath:	lib\poi-excelant-5.2.3.jar
Add classpath:	lib\poi-javadoc-5.2.3.jar
Add classpath:	lib\poi-ooxml-5.2.3.jar
Add classpath:	lib\poi-ooxml-full-5.2.3.jar
Add classpath:	lib\poi-ooxml-lite-5.2.3.jar
Add classpath:	lib\poi-scratchpad-5.2.3.jar
Add classpath:	lib\SparseBitSet-1.2.jar
Add classpath:	lib\commons-codec-1.15.jar
Add classpath:	lib\commons-collections4-4.4.jar
Add classpath:	lib\commons-io-2.11.0.jar
Add classpath:	lib\commons-math3-3.6.1.jar
Add classpath:	lib\log4j-api-2.18.0.jar
Add classpath:	lib\commons-compress-1.21.jar
Add classpath:	lib\commons-logging-1.2.jar
Add classpath:	lib\curvesapi-1.07.jar
Add classpath:	lib\jakarta.activation-2.0.1.jar
Add classpath:	lib\jakarta.xml.bind-api-3.0.1.jar
Add classpath:	lib\slf4j-api-1.7.36.jar
Add classpath:	lib\xmlbeans-5.1.1.jar
Launcher:	C:\Program Files\Java\jdk-18.0.2.1\bin\javaw.exe
Launcher args:	-classpath "C:\Users\hs475\OneDrive\Desktop\projects\CAMS_ANT\output\cams_client.exe;lib\mysql-connector-java.jar;lib\flatlaf-2.6.jar;lib\poi-5.2.3.jar;lib\poi-examples-5.2.3.jar;lib\poi-excelant-5.2.3.jar;lib\poi-javadoc-5.2.3.jar;lib\poi-ooxml-5.2.3.jar;lib\poi-ooxml-full-5.2.3.jar;lib\poi-ooxml-lite-5.2.3.jar;lib\poi-scratchpad-5.2.3.jar;lib\SparseBitSet-1.2.jar;lib\commons-codec-1.15.jar;lib\commons-collections4-4.4.jar;lib\commons-io-2.11.0.jar;lib\commons-math3-3.6.1.jar;lib\log4j-api-2.18.0.jar;lib\commons-compress-1.21.jar;lib\commons-logging-1.2.jar;lib\curvesapi-1.07.jar;lib\jakarta.activation-2.0.1.jar;lib\jakarta.xml.bind-api-3.0.1.jar;lib\slf4j-api-1.7.36.jar;lib\xmlbeans-5.1.1.jar" com.cams.cams.CAMS_start_page_client
Args length:	741/32768 chars
Exit code:	0
